<?xml version="1.0" encoding="UTF-8"?>
<!-- Generated by org.testng.reporters.JUnitReportReporter -->
<testsuite hostname="DESKTOP-HTJJPCU" failures="0" tests="1" name="com.MouseActions.PageTransition" time="0.881" errors="0" timestamp="2024-12-07T16:09:10 IST" skipped="0">
  <testcase classname="com.MouseActions.PageTransition" name="flow" time="0.881"/>
</testsuite> <!-- com.MouseActions.PageTransition -->
