<?xml version="1.0" encoding="UTF-8"?>
<!-- Generated by org.testng.reporters.JUnitReportReporter -->
<testsuite hostname="DESKTOP-HTJJPCU" failures="0" tests="1" name="com.MouseActions.Mousehover" time="0.469" errors="0" timestamp="2024-12-07T12:03:16 IST" skipped="0">
  <testcase classname="com.MouseActions.Mousehover" name="categoriesMouseHover" time="0.469"/>
</testsuite> <!-- com.MouseActions.Mousehover -->
