<?xml version="1.0" encoding="UTF-8"?>
<!-- Generated by org.testng.reporters.JUnitReportReporter -->
<testsuite hostname="DESKTOP-HTJJPCU" failures="0" tests="1" name="com.MouseActions.PageTransition" time="2.809" errors="0" timestamp="2024-12-07T16:42:13 IST" skipped="0">
  <testcase classname="com.MouseActions.PageTransition" name="flow" time="2.809"/>
</testsuite> <!-- com.MouseActions.PageTransition -->
